TN:
SF:src/app.controller.ts
FN:6,(anonymous_2)
FN:9,(anonymous_3)
FNF:2
FNH:2
FNDA:1,(anonymous_2)
FNDA:1,(anonymous_3)
DA:1,1
DA:2,1
DA:5,1
DA:6,1
DA:9,1
DA:10,1
LF:6
LH:6
BRF:0
BRH:0
end_of_record
TN:
SF:src/app.module.ts
FNF:0
FNH:0
DA:1,0
DA:2,0
DA:3,0
DA:4,0
DA:5,0
DA:6,0
DA:7,0
DA:8,0
DA:9,0
DA:10,0
DA:24,0
LF:11
LH:0
BRF:0
BRH:0
end_of_record
TN:
SF:src/app.service.ts
FN:5,(anonymous_1)
FNF:1
FNH:1
FNDA:1,(anonymous_1)
DA:1,1
DA:4,1
DA:6,1
LF:3
LH:3
BRF:0
BRH:0
end_of_record
TN:
SF:src/global.d.ts
FNF:0
FNH:0
LF:0
LH:0
BRF:0
BRH:0
end_of_record
TN:
SF:src/main.ts
FN:8,bootstrap
FNF:1
FNH:0
FNDA:0,bootstrap
DA:1,0
DA:2,0
DA:3,0
DA:5,0
DA:6,0
DA:9,0
DA:23,0
DA:25,0
LF:8
LH:0
BRF:0
BRH:0
end_of_record
TN:
SF:src/config/env.config.ts
FN:18,validate
FNF:1
FNH:0
FNDA:0,validate
DA:2,0
DA:4,0
DA:19,0
DA:22,0
LF:4
LH:0
BRF:0
BRH:0
end_of_record
TN:
SF:src/core/db/db.module.ts
FNF:0
FNH:0
DA:1,0
DA:2,0
DA:9,0
LF:3
LH:0
BRF:0
BRH:0
end_of_record
TN:
SF:src/core/db/db.provider.ts
FN:12,(anonymous_0)
FNF:1
FNH:0
FNDA:0,(anonymous_0)
DA:1,4
DA:2,4
DA:3,4
DA:4,4
DA:8,4
DA:10,4
DA:13,0
DA:14,0
DA:16,0
LF:9
LH:6
BRDA:13,0,0,0
BRDA:13,0,1,0
BRF:2
BRH:0
end_of_record
TN:
SF:src/core/db/migrate.ts
FN:10,(anonymous_0)
FNF:1
FNH:0
FNDA:0,(anonymous_0)
DA:1,0
DA:2,0
DA:3,0
DA:4,0
DA:5,0
DA:7,0
DA:8,0
DA:10,0
DA:11,0
DA:12,0
DA:13,0
DA:15,0
DA:16,0
DA:18,0
DA:21,0
LF:15
LH:0
BRDA:7,0,0,0
BRDA:7,0,1,0
BRF:2
BRH:0
end_of_record
TN:
SF:src/core/db/schema.ts
FN:31,(anonymous_0)
FN:41,(anonymous_1)
FN:46,(anonymous_2)
FN:61,(anonymous_3)
FN:68,(anonymous_4)
FNF:5
FNH:0
FNDA:0,(anonymous_0)
FNDA:0,(anonymous_1)
FNDA:0,(anonymous_2)
FNDA:0,(anonymous_3)
FNDA:0,(anonymous_4)
DA:1,4
DA:2,4
DA:3,4
DA:13,4
DA:14,4
DA:19,4
DA:31,4
DA:36,4
DA:41,0
DA:44,4
DA:46,0
DA:54,4
DA:61,0
DA:66,4
DA:68,0
LF:15
LH:11
BRF:0
BRH:0
end_of_record
TN:
SF:src/core/features/auth/auth.controller.ts
FN:7,(anonymous_4)
FN:10,(anonymous_5)
FN:15,(anonymous_6)
FNF:3
FNH:0
FNDA:0,(anonymous_4)
FNDA:0,(anonymous_5)
FNDA:0,(anonymous_6)
DA:1,1
DA:2,1
DA:3,1
DA:6,1
DA:7,0
DA:10,1
DA:11,0
DA:15,1
DA:16,0
LF:9
LH:6
BRF:0
BRH:0
end_of_record
TN:
SF:src/core/features/auth/auth.module.ts
FNF:0
FNH:0
DA:1,0
DA:2,0
DA:3,0
DA:4,0
DA:5,0
DA:6,0
DA:13,0
LF:7
LH:0
BRF:0
BRH:0
end_of_record
TN:
SF:src/core/features/auth/auth.service.ts
FN:13,(anonymous_2)
FN:15,(anonymous_3)
FN:33,(anonymous_4)
FNF:3
FNH:1
FNDA:2,(anonymous_2)
FNDA:0,(anonymous_3)
FNDA:0,(anonymous_4)
DA:1,2
DA:7,2
DA:8,2
DA:9,2
DA:12,2
DA:13,2
DA:16,0
DA:18,0
DA:19,0
DA:22,0
DA:23,0
DA:25,0
DA:30,0
DA:34,0
DA:36,0
DA:40,0
DA:41,0
DA:44,0
DA:46,0
DA:47,0
DA:50,0
LF:21
LH:6
BRDA:18,0,0,0
BRDA:40,1,0,0
BRDA:46,2,0,0
BRF:3
BRH:0
end_of_record
TN:
SF:src/core/features/auth/verification/verification.entity.ts
FNF:0
FNH:0
DA:1,0
LF:1
LH:0
BRF:0
BRH:0
end_of_record
TN:
SF:src/core/features/auth/verification/verification.service.ts
FN:20,(anonymous_4)
FN:30,(anonymous_5)
FN:57,(anonymous_6)
FN:75,(anonymous_7)
FNF:4
FNH:0
FNDA:0,(anonymous_4)
FNDA:0,(anonymous_5)
FNDA:0,(anonymous_6)
FNDA:0,(anonymous_7)
DA:2,1
DA:4,1
DA:10,1
DA:11,1
DA:12,1
DA:13,1
DA:14,1
DA:17,1
DA:18,0
DA:21,0
DA:22,0
DA:23,0
DA:26,0
DA:31,0
DA:33,0
DA:34,0
DA:37,0
DA:38,0
DA:41,0
DA:42,0
DA:44,0
DA:54,0
DA:58,0
DA:60,0
DA:61,0
DA:64,0
DA:65,0
DA:67,0
DA:69,0
DA:76,0
DA:80,0
DA:81,0
DA:83,0
DA:93,0
DA:94,0
DA:97,0
DA:99,0
DA:100,0
DA:103,0
DA:104,0
LF:40
LH:8
BRDA:33,0,0,0
BRDA:37,1,0,0
BRDA:60,2,0,0
BRDA:64,3,0,0
BRDA:80,4,0,0
BRDA:93,5,0,0
BRDA:99,6,0,0
BRDA:103,7,0,0
BRF:8
BRH:0
end_of_record
TN:
SF:src/core/features/user/user.controller.ts
FNF:0
FNH:0
DA:1,1
DA:4,1
LF:2
LH:2
BRF:0
BRH:0
end_of_record
TN:
SF:src/core/features/user/user.module.ts
FNF:0
FNH:0
DA:1,0
DA:2,0
DA:3,0
DA:4,0
DA:12,0
LF:5
LH:0
BRF:0
BRH:0
end_of_record
TN:
SF:src/core/features/user/user.service.ts
FN:14,(anonymous_4)
FN:16,(anonymous_5)
FN:26,(anonymous_6)
FN:34,(anonymous_7)
FN:42,(anonymous_8)
FN:51,(anonymous_9)
FNF:6
FNH:1
FNDA:1,(anonymous_4)
FNDA:0,(anonymous_5)
FNDA:0,(anonymous_6)
FNDA:0,(anonymous_7)
FNDA:0,(anonymous_8)
FNDA:0,(anonymous_9)
DA:3,4
DA:4,4
DA:5,4
DA:6,4
DA:13,4
DA:14,1
DA:17,0
DA:21,0
DA:23,0
DA:27,0
DA:31,0
DA:35,0
DA:39,0
DA:43,0
DA:48,0
DA:55,0
DA:57,0
DA:58,0
DA:61,0
DA:67,0
LF:20
LH:6
BRDA:57,0,0,0
BRF:1
BRH:0
end_of_record
TN:
SF:src/core/shared/mail/mail.module.ts
FNF:0
FNH:0
DA:1,0
DA:2,0
DA:8,0
LF:3
LH:0
BRF:0
BRH:0
end_of_record
TN:
SF:src/core/shared/mail/mail.service.ts
FN:6,(anonymous_1)
FNF:1
FNH:0
FNDA:0,(anonymous_1)
DA:1,2
DA:2,2
DA:5,2
DA:7,0
DA:9,0
DA:16,0
DA:17,0
LF:7
LH:3
BRDA:16,0,0,0
BRF:1
BRH:0
end_of_record
TN:
SF:src/core/shared/token/token.module.ts
FNF:0
FNH:0
DA:1,0
DA:2,0
DA:8,0
LF:3
LH:0
BRF:0
BRH:0
end_of_record
TN:
SF:src/core/shared/token/token.service.ts
FNF:0
FNH:0
DA:1,1
DA:4,1
LF:2
LH:2
BRF:0
BRH:0
end_of_record
TN:
SF:src/utils/password.util.ts
FN:3,hashPassword
FN:9,comparePasswords
FNF:2
FNH:0
FNDA:0,hashPassword
FNDA:0,comparePasswords
DA:1,2
DA:3,2
DA:4,0
DA:6,0
DA:9,2
DA:13,0
LF:6
LH:3
BRF:0
BRH:0
end_of_record
